[2022-02-17 07:33:30,730] Upload one per time - Step 01: Upload 'Da Lat' file
[2022-02-17 07:33:30,768] Upload one per time - Step 02: Verify 'Da Lat' file name is displayed
[2022-02-17 07:33:30,936] Upload one per time - Step 03: Click to 'Start' button
[2022-02-17 07:33:33,193] Upload one per time - Step 04: Verify 'Da Lat' file link is ready
[2022-02-17 07:33:33,421] Upload one per time - Step 05: Verify 'Da Lat' image file is ready
[2022-02-17 07:33:34,012] Upload multiple files per time - Step 01: Refresh the page
[2022-02-17 07:33:36,256] Upload multiple files per time - Step 02: Upload multiple files per time
[2022-02-17 07:33:36,287] Upload multiple files per time - Step 03: Verify 'Da Lat' file name is displayed
[2022-02-17 07:33:36,567] Upload multiple files per time - Step 04: Verify 'Hue' file name is displayed
[2022-02-17 07:33:36,624] Upload multiple files per time - Step 05: Verify 'Sa Pa' file name is displayed
[2022-02-17 07:33:36,681] Upload multiple files per time - Step 06: Click to 'Start' button
[2022-02-17 07:33:43,377] Upload one per time - Step 07: Verify 'Da Lat' file link is ready
[2022-02-17 07:33:43,426] Upload one per time - Step 08: Verify 'Hue' file link is ready
[2022-02-17 07:33:43,467] Upload one per time - Step 09: Verify 'Sa Pa' file link is ready
[2022-02-17 07:33:43,510] Upload one per time - Step 10: Verify 'Da Lat' image file is ready
[2022-02-17 07:33:43,542] Upload one per time - Step 11: Verify 'Hue' image file is ready
[2022-02-17 07:33:43,572] Upload one per time - Step 12: Verify 'Sa Pa' image file is ready
[2022-02-17 07:49:56,515] Upload one per time - Step 01: Upload 'Da Lat' file
[2022-02-17 07:49:56,557] Upload one per time - Step 02: Verify 'Da Lat' file name is displayed
[2022-02-17 07:49:56,712] Upload one per time - Step 03: Click to 'Start' button
[2022-02-17 07:49:58,953] Upload one per time - Step 04: Verify 'Da Lat' file link is ready
[2022-02-17 07:49:59,111] Upload one per time - Step 05: Verify 'Da Lat' image file is ready
[2022-02-17 07:49:59,697] Upload multiple files per time - Step 01: Refresh the page
[2022-02-17 07:50:02,396] Upload multiple files per time - Step 02: Upload multiple files per time
[2022-02-17 07:50:02,428] Upload multiple files per time - Step 03: Verify 'Da Lat' file name is displayed
[2022-02-17 07:50:02,722] Upload multiple files per time - Step 04: Verify 'Hue' file name is displayed
[2022-02-17 07:50:02,777] Upload multiple files per time - Step 05: Verify 'Sa Pa' file name is displayed
[2022-02-17 07:50:02,822] Upload multiple files per time - Step 06: Click to 'Start' button
[2022-02-17 07:50:09,607] Upload one per time - Step 07: Verify 'Da Lat' file link is ready
[2022-02-17 07:50:09,662] Upload one per time - Step 08: Verify 'Hue' file link is ready
[2022-02-17 07:50:09,708] Upload one per time - Step 09: Verify 'Sa Pa' file link is ready
[2022-02-17 07:50:09,754] Upload one per time - Step 10: Verify 'Da Lat' image file is ready
[2022-02-17 07:50:09,788] Upload one per time - Step 11: Verify 'Hue' image file is ready
[2022-02-17 07:50:09,818] Upload one per time - Step 12: Verify 'Sa Pa' image file is ready
[2022-02-28 22:26:55,851] Upload one per time - Step 01: Upload 'Da Lat' file
[2022-02-28 22:26:55,906] Upload one per time - Step 02: Verify 'Da Lat' file name is displayed
[2022-02-28 22:26:56,069] Upload one per time - Step 03: Click to 'Start' button
[2022-02-28 22:26:58,363] Upload one per time - Step 04: Verify 'Da Lat' file link is ready
[2022-02-28 22:26:58,414] Upload one per time - Step 05: Verify 'Da Lat' image file is ready
[2022-02-28 22:26:58,995] Upload multiple files per time - Step 01: Refresh the page
[2022-02-28 22:27:01,586] Upload multiple files per time - Step 02: Upload multiple files per time
[2022-02-28 22:27:01,627] Upload multiple files per time - Step 03: Verify 'Da Lat' file name is displayed
[2022-02-28 22:27:01,908] Upload multiple files per time - Step 04: Verify 'Hue' file name is displayed
[2022-02-28 22:27:01,975] Upload multiple files per time - Step 05: Verify 'Sa Pa' file name is displayed
[2022-02-28 22:27:02,327] Upload multiple files per time - Step 06: Click to 'Start' button
[2022-02-28 22:27:09,115] Upload one per time - Step 07: Verify 'Da Lat' file link is ready
[2022-02-28 22:27:09,170] Upload one per time - Step 08: Verify 'Hue' file link is ready
[2022-02-28 22:27:09,215] Upload one per time - Step 09: Verify 'Sa Pa' file link is ready
[2022-02-28 22:27:09,259] Upload one per time - Step 10: Verify 'Da Lat' image file is ready
[2022-02-28 22:27:09,290] Upload one per time - Step 11: Verify 'Hue' image file is ready
[2022-02-28 22:27:09,321] Upload one per time - Step 12: Verify 'Sa Pa' image file is ready
[2022-02-28 22:43:38,277] Upload one per time - Step 01: Upload 'Da Lat' file
[2022-02-28 22:43:38,318] Upload one per time - Step 02: Verify 'Da Lat' file name is displayed
[2022-02-28 22:43:38,488] Upload one per time - Step 03: Click to 'Start' button
[2022-02-28 22:43:40,743] Upload one per time - Step 04: Verify 'Da Lat' file link is ready
[2022-02-28 22:43:40,810] Upload one per time - Step 05: Verify 'Da Lat' image file is ready
[2022-02-28 22:43:41,435] Upload multiple files per time - Step 01: Refresh the page
[2022-02-28 22:43:44,498] Upload multiple files per time - Step 02: Upload multiple files per time
[2022-02-28 22:43:44,534] Upload multiple files per time - Step 03: Verify 'Da Lat' file name is displayed
[2022-02-28 22:43:44,818] Upload multiple files per time - Step 04: Verify 'Hue' file name is displayed
[2022-02-28 22:43:44,878] Upload multiple files per time - Step 05: Verify 'Sa Pa' file name is displayed
[2022-02-28 22:43:44,927] Upload multiple files per time - Step 06: Click to 'Start' button
[2022-02-28 22:43:51,708] Upload one per time - Step 07: Verify 'Da Lat' file link is ready
[2022-02-28 22:43:51,773] Upload one per time - Step 08: Verify 'Hue' file link is ready
[2022-02-28 22:43:51,817] Upload one per time - Step 09: Verify 'Sa Pa' file link is ready
[2022-02-28 22:43:51,870] Upload one per time - Step 10: Verify 'Da Lat' image file is ready
[2022-02-28 22:43:51,904] Upload one per time - Step 11: Verify 'Hue' image file is ready
[2022-02-28 22:43:51,937] Upload one per time - Step 12: Verify 'Sa Pa' image file is ready
[2022-02-28 22:45:39,617] Upload one per time - Step 01: Upload 'Da Lat' file
[2022-02-28 22:45:39,664] Upload one per time - Step 02: Verify 'Da Lat' file name is displayed
[2022-02-28 22:45:39,811] Upload one per time - Step 03: Click to 'Start' button
[2022-02-28 22:45:42,062] Upload one per time - Step 04: Verify 'Da Lat' file link is ready
[2022-02-28 22:45:42,142] Upload one per time - Step 05: Verify 'Da Lat' image file is ready
[2022-02-28 22:45:42,184] Upload multiple files per time - Step 01: Refresh the page
[2022-02-28 22:45:44,238] Upload multiple files per time - Step 02: Upload multiple files per time
[2022-02-28 22:45:44,271] Upload multiple files per time - Step 03: Verify 'Da Lat' file name is displayed
[2022-02-28 22:45:44,604] Upload multiple files per time - Step 04: Verify 'Hue' file name is displayed
[2022-02-28 22:45:44,664] Upload multiple files per time - Step 05: Verify 'Sa Pa' file name is displayed
[2022-02-28 22:45:44,712] Upload multiple files per time - Step 06: Click to 'Start' button
[2022-02-28 22:45:51,448] Upload one per time - Step 07: Verify 'Da Lat' file link is ready
[2022-02-28 22:45:51,505] Upload one per time - Step 08: Verify 'Hue' file link is ready
[2022-02-28 22:45:51,551] Upload one per time - Step 09: Verify 'Sa Pa' file link is ready
[2022-02-28 22:45:51,597] Upload one per time - Step 10: Verify 'Da Lat' image file is ready
[2022-02-28 22:45:51,631] Upload one per time - Step 11: Verify 'Hue' image file is ready
[2022-02-28 22:45:51,662] Upload one per time - Step 12: Verify 'Sa Pa' image file is ready
[2022-02-28 22:47:55,304] Upload one per time - Step 01: Upload 'Da Lat' file
[2022-02-28 22:47:55,345] Upload one per time - Step 02: Verify 'Da Lat' file name is displayed
[2022-02-28 22:47:55,498] Upload one per time - Step 03: Click to 'Start' button
[2022-02-28 22:47:57,762] Upload one per time - Step 04: Verify 'Da Lat' file link is ready
[2022-02-28 22:47:57,823] Upload one per time - Step 05: Verify 'Da Lat' image file is ready
[2022-02-28 22:47:57,863] Upload multiple files per time - Step 01: Refresh the page
[2022-02-28 22:48:00,361] Upload multiple files per time - Step 02: Upload multiple files per time
[2022-02-28 22:48:00,399] Upload multiple files per time - Step 03: Verify 'Da Lat' file name is displayed
[2022-02-28 22:48:00,663] Upload multiple files per time - Step 04: Verify 'Hue' file name is displayed
[2022-02-28 22:48:00,722] Upload multiple files per time - Step 05: Verify 'Sa Pa' file name is displayed
[2022-02-28 22:48:00,774] Upload multiple files per time - Step 06: Click to 'Start' button
[2022-02-28 22:48:07,558] Upload one per time - Step 07: Verify 'Da Lat' file link is ready
[2022-02-28 22:48:07,610] Upload one per time - Step 08: Verify 'Hue' file link is ready
[2022-02-28 22:48:07,652] Upload one per time - Step 09: Verify 'Sa Pa' file link is ready
[2022-02-28 22:48:07,698] Upload one per time - Step 10: Verify 'Da Lat' image file is ready
[2022-02-28 22:48:07,730] Upload one per time - Step 11: Verify 'Hue' image file is ready
[2022-02-28 22:48:07,759] Upload one per time - Step 12: Verify 'Sa Pa' image file is ready
[2022-02-28 23:06:16,574] Upload one per time - Step 01: Upload 'Da Lat' file
[2022-02-28 23:06:16,614] Upload one per time - Step 02: Verify 'Da Lat' file name is displayed
[2022-02-28 23:06:16,786] Upload one per time - Step 03: Click to 'Start' button
[2022-02-28 23:06:19,039] Upload one per time - Step 04: Verify 'Da Lat' file link is ready
[2022-02-28 23:06:19,125] Upload one per time - Step 05: Verify 'Da Lat' image file is ready
[2022-02-28 23:06:19,175] Upload multiple files per time - Step 01: Refresh the page
[2022-02-28 23:06:21,909] Upload multiple files per time - Step 02: Upload multiple files per time
[2022-02-28 23:06:21,960] Upload multiple files per time - Step 03: Verify 'Da Lat' file name is displayed
[2022-02-28 23:06:22,289] Upload multiple files per time - Step 04: Verify 'Hue' file name is displayed
[2022-02-28 23:06:22,340] Upload multiple files per time - Step 05: Verify 'Sa Pa' file name is displayed
[2022-02-28 23:06:22,387] Upload multiple files per time - Step 06: Click to 'Start' button
[2022-02-28 23:06:29,157] Upload one per time - Step 07: Verify 'Da Lat' file link is ready
[2022-02-28 23:06:29,225] Upload one per time - Step 08: Verify 'Hue' file link is ready
[2022-02-28 23:06:29,267] Upload one per time - Step 09: Verify 'Sa Pa' file link is ready
[2022-02-28 23:06:29,312] Upload one per time - Step 10: Verify 'Da Lat' image file is ready
[2022-02-28 23:06:29,344] Upload one per time - Step 11: Verify 'Hue' image file is ready
[2022-02-28 23:06:29,374] Upload one per time - Step 12: Verify 'Sa Pa' image file is ready
[2022-03-20 23:46:16,949] Register - Step 01: Navigate to 'Register' page
[2022-03-20 23:47:57,041] Register - Step 01: Navigate to 'Register' page
[2022-03-20 23:47:58,247] Register - Step 02: Enter to Firstname textbox with value is 'John'
[2022-03-20 23:47:58,327] Register - Step 03: Enter to Lastname textbox with value is 'Terry'
[2022-03-20 23:47:58,389] Register - Step 04: Enter to Email textbox with value is 'johnterry8890@mail.net'
[2022-03-20 23:47:58,466] Register - Step 05: Enter to Password textbox with value is '123456'
[2022-03-20 23:47:58,524] Register - Step 06: Enter to Confirm Password textbox with value is '123456'
[2022-03-20 23:47:58,582] Register - Step 07: Click to 'Register' button
[2022-03-20 23:48:00,141] Register - Step 08: Verify Register success message is displayed
[2022-03-20 23:48:00,185] Register - Step 09: Click to Logout link
[2022-03-20 23:48:01,024] Login - Step 01: Navigate to Login page
[2022-03-20 23:48:01,614] Login - Step 02: Enter to Email textbox with value is 'johnterry8890@mail.net'
[2022-03-20 23:48:01,693] Login - Step 03: Enter to Password textbox with value is '123456'
[2022-03-20 23:48:01,752] Login - Step 04: Click to Login button
[2022-03-20 23:48:02,498] Login - Step 05: Click to Login button
[2022-03-20 23:48:03,078] Login - Step 06: Enter to Firstname textbox with value is 'John'
[2022-03-20 23:48:03,124] Login - Step 07: Enter to Lastname textbox with value is 'Terry'
[2022-03-20 23:48:03,157] Login - Step 08: Enter to Email textbox with value is 'johnterry8890@mail.net'
[2022-03-21 22:51:01,018] Login - Step 01: Navigate to Login page
[2022-03-21 22:51:01,603] Login - Step 02: Enter to Email textbox with value is 'johnterry7605@mail.net'
[2022-03-21 22:51:01,679] Login - Step 03: Enter to Password textbox with value is '123456'
[2022-03-21 22:51:01,739] Login - Step 04: Click to Login button
[2022-03-21 23:00:28,713] Login - Step 01: Navigate to Login page
[2022-03-21 23:00:29,419] Login - Step 02: Enter to Email textbox with value is 'johnterry6771@mail.net'
[2022-03-21 23:00:29,496] Login - Step 03: Enter to Password textbox with value is '123456'
[2022-03-21 23:00:29,553] Login - Step 04: Click to Login button
[2022-03-21 23:28:01,363] Pre-Condition - Step 01: Navigate to Login page
[2022-03-21 23:28:01,971] Pre-Condition - Step 02: Set cookie and reload page
[2022-03-21 23:33:08,140] Pre-Condition - Step 01: Navigate to Login page
[2022-03-21 23:33:08,855] Pre-Condition - Step 02: Set cookie and reload page
[2022-03-21 23:33:13,313] Pre-Condition - Step 03: Verify: 'My Account' link is displayed
[2022-03-21 23:35:35,268] Pre-Condition - Step 01: Navigate to Login page
[2022-03-21 23:35:35,898] Pre-Condition - Step 02: Set cookie and reload page
[2022-03-21 23:35:40,371] Pre-Condition - Step 03: Verify: 'My Account' link is displayed
[2022-03-21 23:37:23,285] Pre-Condition - Step 01: Navigate to Login page
[2022-03-21 23:37:23,968] Pre-Condition - Step 02: Set cookie and reload page
[2022-03-21 23:37:27,664] Pre-Condition - Step 03: Verify: 'My Account' link is displayed
[2022-03-25 22:34:49,885] Register - Step 01: Navigate to 'Register' page
[2022-03-25 22:34:50,658] Register - Step 02: Enter to Firstname textbox with value is 'John'
[2022-03-25 22:34:50,748] Register - Step 03: Enter to Lastname textbox with value is 'Terry'
[2022-03-25 22:34:50,817] Register - Step 04: Enter to Email textbox with value is 'johnterry6933@mail.net'
[2022-03-25 22:34:50,892] Register - Step 05: Enter to Password textbox with value is '123456'
[2022-03-25 22:34:50,959] Register - Step 06: Enter to Confirm Password textbox with value is '123456'
[2022-03-25 22:34:51,027] Register - Step 07: Click to 'Register' button
[2022-03-25 22:34:52,030] Register - Step 08: Verify Register success message is displayed
[2022-03-25 22:47:08,242] Register - Step 01: Navigate to 'Register' page
[2022-03-25 22:47:08,902] Register - Step 02: Enter to Firstname textbox with value is 'John'
[2022-03-25 22:47:08,993] Register - Step 03: Enter to Lastname textbox with value is 'Terry'
[2022-03-25 22:47:09,060] Register - Step 04: Enter to Email textbox with value is 'johnterry6668@mail.net'
[2022-03-25 22:47:09,142] Register - Step 05: Enter to Password textbox with value is '123456'
[2022-03-25 22:47:09,207] Register - Step 06: Enter to Confirm Password textbox with value is '123456'
[2022-03-25 22:47:09,273] Register - Step 07: Click to 'Register' button
[2022-03-25 22:47:10,135] Register - Step 08: Verify Register success message is displayed
[2022-03-25 22:47:10,315] OS name = windows 10
[2022-03-25 22:47:10,315] Driver instance name = firefoxdriver: firefox on windows (787b5bbf-eb02-4c8d-b085-da24a733c1c0)
[2022-03-30 21:58:22,682] Register - Step 01: Navigate to 'Register' page
[2022-03-30 21:58:23,373] Register - Step 02: Enter to Firstname textbox with value is 'John'
[2022-03-30 21:58:53,493] Login - Step 01: Navigate to Login page
[2022-03-30 21:58:54,147] Login - Step 02: Enter to Email textbox with value is 'johnterry9018@mail.net'
[2022-03-30 21:58:54,259] Login - Step 03: Enter to Password textbox with value is '123456'
[2022-03-30 21:59:24,277] OS name = windows 10
[2022-03-30 21:59:24,278] Driver instance name = firefoxdriver: firefox on windows (34faf9bd-df28-40bb-94d6-5d680a26686a)
[2022-03-30 22:25:35,929] Register - Step 01: Navigate to 'Register' page
[2022-03-30 22:25:36,861] Register - Step 02: Enter to Firstname textbox with value is 'John'
[2022-03-30 22:26:06,964] Login - Step 01: Navigate to Login page
[2022-03-30 22:26:07,546] Login - Step 02: Enter to Email textbox with value is 'johnterry4123@mail.net'
[2022-03-30 22:26:07,629] Login - Step 03: Enter to Password textbox with value is '123456'
[2022-03-30 22:26:37,654] OS name = windows 10
[2022-03-30 22:26:37,655] Driver instance name = firefoxdriver: firefox on windows (3c7f2805-3117-438f-92e6-036a598beeff)
[2022-03-30 22:31:16,756] Register - Step 01: Navigate to 'Register' page
[2022-03-30 22:31:17,758] Register - Step 02: Enter to Firstname textbox with value is 'John'
[2022-03-30 22:31:17,830] Register - Step 03: Enter to Lastname textbox with value is 'Terry'
[2022-03-30 22:31:18,791] Register - Step 04: Enter to Email textbox with value is 'johnterry5280@mail.net'
[2022-03-30 22:31:18,884] Register - Step 05: Enter to Password textbox with value is '123456'
[2022-03-30 22:31:18,946] Register - Step 06: Enter to Confirm Password textbox with value is '123456'
[2022-03-30 22:31:29,027] Register - Step 07: Click to 'Register' button
[2022-03-30 22:31:30,070] Register - Step 08: Verify Register success message is displayed
[2022-03-30 22:31:30,130] Register - Step 09: Click to Logout link
[2022-03-30 22:31:31,024] Login - Step 01: Navigate to Login page
[2022-03-30 22:31:31,647] Login - Step 02: Enter to Email textbox with value is 'johnterry5280@mail.net'
[2022-03-30 22:31:31,723] Login - Step 03: Enter to Password textbox with value is '123456'
[2022-03-30 22:32:01,749] OS name = windows 10
[2022-03-30 22:32:01,749] Driver instance name = firefoxdriver: firefox on windows (d9d24046-da36-4594-8c90-a705b5df6294)
[2022-03-30 22:46:55,067] Register - Step 01: Navigate to 'Register' page
[2022-03-30 22:46:56,109] Register - Step 02: Enter to Firstname textbox with value is 'John'
[2022-03-30 22:46:56,177] Register - Step 03: Enter to Lastname textbox with value is 'Terry'
[2022-03-30 22:46:57,097] Register - Step 04: Enter to Email textbox with value is 'johnterry6279@mail.net'
[2022-03-30 22:46:57,200] Register - Step 05: Enter to Password textbox with value is '123456'
[2022-03-30 22:46:57,255] Register - Step 06: Enter to Confirm Password textbox with value is '123456'
[2022-03-30 22:46:57,310] Register - Step 07: Click to 'Register' button
[2022-03-30 22:46:58,274] Register - Step 08: Verify Register success message is displayed
[2022-03-30 22:46:58,322] Register - Step 09: Click to Logout link
[2022-03-30 22:46:59,391] Login - Step 01: Navigate to Login page
[2022-03-30 22:47:00,082] Login - Step 02: Enter to Email textbox with value is 'johnterry6279@mail.net'
[2022-03-30 22:47:00,155] Login - Step 03: Enter to Password textbox with value is '123456'
[2022-03-30 22:47:30,181] My Account - Step 01: Navigate to My Account link
[2022-03-30 22:48:00,458] Register - Step 01: Navigate to 'Register' page
[2022-03-30 22:48:01,518] Register - Step 02: Enter to Firstname textbox with value is 'John'
[2022-03-30 22:48:01,608] Register - Step 03: Enter to Lastname textbox with value is 'Terry'
[2022-03-30 22:48:02,546] Register - Step 04: Enter to Email textbox with value is 'johnterry8406@mail.net'
[2022-03-30 22:48:02,641] Register - Step 05: Enter to Password textbox with value is '123456'
[2022-03-30 22:48:02,693] Register - Step 06: Enter to Confirm Password textbox with value is '123456'
[2022-03-30 22:48:02,757] Register - Step 07: Click to 'Register' button
[2022-03-30 22:48:03,794] Register - Step 08: Verify Register success message is displayed
[2022-03-30 22:48:03,841] Register - Step 09: Click to Logout link
[2022-03-30 22:48:04,786] Login - Step 01: Navigate to Login page
[2022-03-30 22:48:05,792] Login - Step 02: Enter to Email textbox with value is 'johnterry8406@mail.net'
[2022-03-30 22:48:05,867] Login - Step 03: Enter to Password textbox with value is '123456'
[2022-03-30 22:48:05,920] Login - Step 04: Click to Login button
[2022-03-30 22:48:06,851] My Account - Step 01: Navigate to My Account link
[2022-03-30 22:48:08,088] My Account - Step 02: Verify 'Customer Info' page is displayed
[2022-03-30 22:48:08,133] My Account - Step 03: Verify 'First Name' value is correctly
[2022-03-30 22:48:08,169] My Account - Step 04: Verify 'Last Name' value is correctly
[2022-03-30 22:48:08,201] My Account - Step 05: Verify 'Email Name' value is correctly
[2022-03-30 22:48:08,238] OS name = windows 10
[2022-03-30 22:48:08,238] Driver instance name = firefoxdriver: firefox on windows (473ab076-26e6-474f-9092-91c8c2cc3759)
